<?xml version="1.0" encoding="UTF-8" ?>
<testsuite tests="18" failures="0" name="CalculatorTest" time="0.004" errors="0" skipped="0">
  <properties>
    <property name="java.runtime.name" value="OpenJDK Runtime Environment"/>
    <property name="java.vm.version" value="21.0.1+12-Ubuntu-223.10"/>
    <property name="sun.boot.library.path" value="/usr/lib/jvm/java-21-openjdk-amd64/lib"/>
    <property name="maven.multiModuleProjectDirectory" value="/home/bhumika/Documents/SPE/Calculator"/>
    <property name="java.vm.vendor" value="Private Build"/>
    <property name="java.vendor.url" value="Unknown"/>
    <property name="guice.disable.misplaced.annotation.check" value="true"/>
    <property name="path.separator" value=":"/>
    <property name="java.vm.name" value="OpenJDK 64-Bit Server VM"/>
    <property name="user.country" value="US"/>
    <property name="sun.java.launcher" value="SUN_STANDARD"/>
    <property name="java.vm.specification.name" value="Java Virtual Machine Specification"/>
    <property name="user.dir" value="/home/bhumika/Documents/SPE/Calculator"/>
    <property name="java.vm.compressedOopsMode" value="Zero based"/>
    <property name="java.runtime.version" value="21.0.1+12-Ubuntu-223.10"/>
    <property name="os.arch" value="amd64"/>
    <property name="java.io.tmpdir" value="/tmp"/>
    <property name="line.separator" value="
"/>
    <property name="java.vm.specification.vendor" value="Oracle Corporation"/>
    <property name="stderr.encoding" value="UTF-8"/>
    <property name="os.name" value="Linux"/>
    <property name="classworlds.conf" value="/usr/share/maven/bin/m2.conf"/>
    <property name="sun.jnu.encoding" value="UTF-8"/>
    <property name="stdout.encoding" value="UTF-8"/>
    <property name="java.library.path" value="/usr/java/packages/lib:/usr/lib/x86_64-linux-gnu/jni:/lib/x86_64-linux-gnu:/usr/lib/x86_64-linux-gnu:/usr/lib/jni:/lib:/usr/lib"/>
    <property name="maven.conf" value="/usr/share/maven/conf"/>
    <property name="jdk.debug" value="release"/>
    <property name="java.class.version" value="65.0"/>
    <property name="java.specification.name" value="Java Platform API Specification"/>
    <property name="sun.management.compiler" value="HotSpot 64-Bit Tiered Compilers"/>
    <property name="os.version" value="6.5.0-15-generic"/>
    <property name="library.jansi.path" value="/usr/share/maven/lib/jansi-native"/>
    <property name="user.home" value="/home/bhumika"/>
    <property name="user.timezone" value="Asia/Kolkata"/>
    <property name="file.encoding" value="UTF-8"/>
    <property name="java.specification.version" value="21"/>
    <property name="user.name" value="bhumika"/>
    <property name="java.class.path" value="/usr/share/maven/boot/plexus-classworlds-2.x.jar"/>
    <property name="java.vm.specification.version" value="21"/>
    <property name="sun.arch.data.model" value="64"/>
    <property name="sun.java.command" value="org.codehaus.plexus.classworlds.launcher.Launcher clean install"/>
    <property name="java.home" value="/usr/lib/jvm/java-21-openjdk-amd64"/>
    <property name="user.language" value="en"/>
    <property name="java.specification.vendor" value="Oracle Corporation"/>
    <property name="java.vm.info" value="mixed mode, sharing"/>
    <property name="java.version" value="21.0.1"/>
    <property name="native.encoding" value="UTF-8"/>
    <property name="java.vendor" value="Private Build"/>
    <property name="maven.home" value="/usr/share/maven"/>
    <property name="file.separator" value="/"/>
    <property name="java.version.date" value="2023-10-17"/>
    <property name="java.vendor.url.bug" value="Unknown"/>
    <property name="sun.io.unicode.encoding" value="UnicodeLittle"/>
    <property name="sun.cpu.endian" value="little"/>
  </properties>
  <testcase classname="CalculatorTest" name="testSquareRootNegative" time="0.003"/>
  <testcase classname="CalculatorTest" name="testPower" time="0"/>
  <testcase classname="CalculatorTest" name="testAdditionNegative" time="0"/>
  <testcase classname="CalculatorTest" name="testFactorial" time="0"/>
  <testcase classname="CalculatorTest" name="testMultiplication" time="0"/>
  <testcase classname="CalculatorTest" name="testAddition" time="0"/>
  <testcase classname="CalculatorTest" name="testPowerWithZeroExponent" time="0"/>
  <testcase classname="CalculatorTest" name="testPowerNegative" time="0"/>
  <testcase classname="CalculatorTest" name="testNaturalLog" time="0"/>
  <testcase classname="CalculatorTest" name="testMultiplicationNegative" time="0"/>
  <testcase classname="CalculatorTest" name="testDivisionNegative" time="0.001"/>
  <testcase classname="CalculatorTest" name="testNaturalLogNegative" time="0"/>
  <testcase classname="CalculatorTest" name="testSubtractionNegative" time="0"/>
  <testcase classname="CalculatorTest" name="testDivision" time="0"/>
  <testcase classname="CalculatorTest" name="testSquareRoot" time="0"/>
  <testcase classname="CalculatorTest" name="testFactorialNegative" time="0"/>
  <testcase classname="CalculatorTest" name="testSubtraction" time="0"/>
  <testcase classname="CalculatorTest" name="testNaturalLogOfNonPositiveNumber" time="0"/>
</testsuite>